  bcf_s.c
  ichican2.c
  ichicano.c
  ichicans.c
  ichierr.c
  ichiisot.c
  ichimak2.c
  ichimake.c
  ichimap1.c
  ichimap2.c
  ichimap4.c
  ichinorm.c
  ichiparm.c
  ichiprt1.c
  ichiprt2.c
  ichiprt3.c
  ichiqueu.c
  ichiread.c
  ichiring.c
  ichirvr1.c
  Compiling...
  ichirvr2.c
  ichirvr3.c
  ichirvr4.c
  ichirvr5.c
  ichirvr6.c
  ichirvr7.c
  ichisort.c
  ichister.c
  ichitaut.c
  ichi_bns.c
  ichi_io.c
  ikey_base26.c
  ikey_dll.c
  inchi_gui.c
  mol2atom.c
  mol_fmt1.c
  mol_fmt2.c
  mol_fmt3.c
  mol_fmt4.c
  readinch.c
  Compiling...
  runichi.c
  runichi2.c
  runichi3.c
  runichi4.c
  sha2.c
  strutil.c
  util.c
  ichilnct.c
  inchi_dll.c
  inchi_dll_a.c
  inchi_dll_a2.c
  inchi_dll_b.c
  inchi_dll_main.c
  ixa_builder.c
  ixa_inchikey_builder.c
  ixa_mol.c
  ixa_read_inchi.c
  ixa_read_mol.c
  ixa_status.c
     Creating library ../../bin2/Windows/x64/Release/libinchi.lib and object ../../bin2/Windows/x64/Release/libinchi.exp
  Generating code
  Previous IPDB not found, fall back to full compilation.
  All 1311 functions were compiled because no usable IPDB/IOBJ from previous compilation was found.
  Finished generating code
  libinchi.vcxproj -> D:\Posao\code\dev_bcf\INCHI_API\bin2\Windows\x64\Release\libinchi.dll
